This file contains any messages produced by compilers while
running configure, to aid debugging if configure makes a mistake.

It was created by libssh2 configure -, which was
generated by GNU Autoconf 2.65.  Invocation command line was

  $ ./configure 

## --------- ##
## Platform. ##
## --------- ##

hostname = eimac
uname -m = i386
uname -r = 10.5.0
uname -s = Darwin
uname -v = Darwin Kernel Version 10.5.0: Fri Nov  5 23:20:39 PDT 2010; root:xnu-1504.9.17~1/RELEASE_I386

/usr/bin/uname -p = i386
/bin/uname -X     = unknown

/bin/arch              = unknown
/usr/bin/arch -k       = unknown
/usr/convex/getsysinfo = unknown
/usr/bin/hostinfo      = Mach kernel version:
	 Darwin Kernel Version 10.5.0: Fri Nov  5 23:20:39 PDT 2010; root:xnu-1504.9.17~1/RELEASE_I386
Kernel configured for up to 2 processors.
2 processors are physically available.
2 processors are logically available.
Processor type: i486 (Intel 80486)
Processors active: 0 1
Primary memory available: 4.00 gigabytes
Default processor set: 107 tasks, 627 threads, 2 processors
Load average: 2.04, Mach factor: 0.90
/bin/machine           = unknown
/usr/bin/oslevel       = unknown
/bin/universe          = unknown

PATH: /Users/ede/.rvm/rubies/ruby-1.8.7-p249/bin
PATH: /Users/ede/.rvm/gems/ruby-1.8.7-p249/bin
PATH: /Users/ede/.rvm/gems/ruby-1.8.7-p249%global/bin
PATH: /Users/ede/.rvm/bin
PATH: /usr/local/bin
PATH: /usr/local/sbin
PATH: /usr/local/mysql/bin
PATH: /usr/local/virtuoso-opensource/bin
PATH: /usr/bin
PATH: /bin
PATH: /usr/sbin
PATH: /sbin
PATH: /usr/X11/bin
PATH: /usr/bin
PATH: /bin
PATH: /usr/sbin
PATH: /sbin
PATH: /usr/local/bin
PATH: /usr/texbin
PATH: /usr/X11/bin


## ----------- ##
## Core tests. ##
## ----------- ##

configure:2417: checking whether to enable maintainer-specific portions of Makefiles
configure:2426: result: no
configure:2444: checking for sed
configure:2463: found /usr/bin/sed
configure:2476: result: /usr/bin/sed
configure:2530: checking for a BSD-compatible install
configure:2598: result: /usr/bin/install -c
configure:2609: checking whether build environment is sane
configure:2646: result: yes
configure:2708: checking for gawk
configure:2724: found /usr/local/bin/gawk
configure:2735: result: gawk
configure:2746: checking whether make sets $(MAKE)
configure:2768: result: yes
configure:2946: checking libssh2 version
configure:2948: result: 1.2.7
configure:2957: checking build system type
configure:2971: result: i386-apple-darwin10.5.0
configure:2991: checking host system type
configure:3004: result: i386-apple-darwin10.5.0
configure:3031: autobuild project... libssh2
configure:3037: autobuild revision... 1.2.7
configure:3042: autobuild hostname... eimac
configure:3053: autobuild timestamp... 20101211-142119
configure:3094: checking for style of include used by make
configure:3122: result: GNU
configure:3195: checking for gcc
configure:3211: found /usr/bin/gcc
configure:3222: result: gcc
configure:3451: checking for C compiler version
configure:3460: gcc --version >&5
i686-apple-darwin10-gcc-4.2.1 (GCC) 4.2.1 (Apple Inc. build 5664)
Copyright (C) 2007 Free Software Foundation, Inc.
This is free software; see the source for copying conditions.  There is NO
warranty; not even for MERCHANTABILITY or FITNESS FOR A PARTICULAR PURPOSE.

configure:3471: $? = 0
configure:3460: gcc -v >&5
Using built-in specs.
Target: i686-apple-darwin10
Configured with: /var/tmp/gcc/gcc-5664~105/src/configure --disable-checking --enable-werror --prefix=/usr --mandir=/share/man --enable-languages=c,objc,c++,obj-c++ --program-transform-name=/^[cg][^.-]*$/s/$/-4.2/ --with-slibdir=/usr/lib --build=i686-apple-darwin10 --program-prefix=i686-apple-darwin10- --host=x86_64-apple-darwin10 --target=i686-apple-darwin10 --with-gxx-include-dir=/include/c++/4.2.1
Thread model: posix
gcc version 4.2.1 (Apple Inc. build 5664)
configure:3471: $? = 0
configure:3460: gcc -V >&5
gcc-4.2: argument to `-V' is missing
configure:3471: $? = 1
configure:3460: gcc -qversion >&5
i686-apple-darwin10-gcc-4.2.1: no input files
configure:3471: $? = 1
configure:3491: checking whether the C compiler works
configure:3513: gcc  -DLIBSSH2_DARWIN   conftest.c  >&5
configure:3517: $? = 0
configure:3566: result: yes
configure:3569: checking for C compiler default output file name
configure:3571: result: a.out
configure:3577: checking for suffix of executables
configure:3584: gcc -o conftest  -DLIBSSH2_DARWIN   conftest.c  >&5
configure:3588: $? = 0
configure:3610: result: 
configure:3632: checking whether we are cross compiling
configure:3640: gcc -o conftest  -DLIBSSH2_DARWIN   conftest.c  >&5
configure:3644: $? = 0
configure:3651: ./conftest
configure:3655: $? = 0
configure:3670: result: no
configure:3675: checking for suffix of object files
configure:3697: gcc -c  -DLIBSSH2_DARWIN  conftest.c >&5
configure:3701: $? = 0
configure:3722: result: o
configure:3726: checking whether we are using the GNU C compiler
configure:3745: gcc -c  -DLIBSSH2_DARWIN  conftest.c >&5
configure:3745: $? = 0
configure:3754: result: yes
configure:3763: checking whether gcc accepts -g
configure:3783: gcc -c -g  conftest.c >&5
configure:3783: $? = 0
configure:3824: result: yes
configure:3841: checking for gcc option to accept ISO C89
configure:3905: gcc  -c  -DLIBSSH2_DARWIN  conftest.c >&5
configure:3905: $? = 0
configure:3918: result: none needed
configure:3940: checking dependency style of gcc
configure:4030: result: gcc3
configure:4053: checking how to run the C preprocessor
configure:4084: gcc -E  conftest.c
configure:4084: $? = 0
configure:4098: gcc -E  conftest.c
conftest.c:11:28: error: ac_nonexistent.h: No such file or directory
configure:4098: $? = 1
configure: failed program was:
| /* confdefs.h */
| #define PACKAGE_NAME "libssh2"
| #define PACKAGE_TARNAME "libssh2"
| #define PACKAGE_VERSION "-"
| #define PACKAGE_STRING "libssh2 -"
| #define PACKAGE_BUGREPORT "libssh2-devel@cool.haxx.se"
| #define PACKAGE_URL ""
| #define PACKAGE "libssh2"
| #define VERSION "1.2.7"
| /* end confdefs.h.  */
| #include <ac_nonexistent.h>
configure:4123: result: gcc -E
configure:4143: gcc -E  conftest.c
configure:4143: $? = 0
configure:4157: gcc -E  conftest.c
conftest.c:11:28: error: ac_nonexistent.h: No such file or directory
configure:4157: $? = 1
configure: failed program was:
| /* confdefs.h */
| #define PACKAGE_NAME "libssh2"
| #define PACKAGE_TARNAME "libssh2"
| #define PACKAGE_VERSION "-"
| #define PACKAGE_STRING "libssh2 -"
| #define PACKAGE_BUGREPORT "libssh2-devel@cool.haxx.se"
| #define PACKAGE_URL ""
| #define PACKAGE "libssh2"
| #define VERSION "1.2.7"
| /* end confdefs.h.  */
| #include <ac_nonexistent.h>
configure:4186: checking for grep that handles long lines and -e
configure:4244: result: /usr/bin/grep
configure:4249: checking for egrep
configure:4311: result: /usr/bin/grep -E
configure:4316: checking for ANSI C header files
configure:4336: gcc -c  -DLIBSSH2_DARWIN  conftest.c >&5
configure:4336: $? = 0
configure:4409: gcc -o conftest  -DLIBSSH2_DARWIN   conftest.c  >&5
configure:4409: $? = 0
configure:4409: ./conftest
configure:4409: $? = 0
configure:4420: result: yes
configure:4433: checking for sys/types.h
configure:4433: gcc -c  -DLIBSSH2_DARWIN  conftest.c >&5
configure:4433: $? = 0
configure:4433: result: yes
configure:4433: checking for sys/stat.h
configure:4433: gcc -c  -DLIBSSH2_DARWIN  conftest.c >&5
configure:4433: $? = 0
configure:4433: result: yes
configure:4433: checking for stdlib.h
configure:4433: gcc -c  -DLIBSSH2_DARWIN  conftest.c >&5
configure:4433: $? = 0
configure:4433: result: yes
configure:4433: checking for string.h
configure:4433: gcc -c  -DLIBSSH2_DARWIN  conftest.c >&5
configure:4433: $? = 0
configure:4433: result: yes
configure:4433: checking for memory.h
configure:4433: gcc -c  -DLIBSSH2_DARWIN  conftest.c >&5
configure:4433: $? = 0
configure:4433: result: yes
configure:4433: checking for strings.h
configure:4433: gcc -c  -DLIBSSH2_DARWIN  conftest.c >&5
configure:4433: $? = 0
configure:4433: result: yes
configure:4433: checking for inttypes.h
configure:4433: gcc -c  -DLIBSSH2_DARWIN  conftest.c >&5
configure:4433: $? = 0
configure:4433: result: yes
configure:4433: checking for stdint.h
configure:4433: gcc -c  -DLIBSSH2_DARWIN  conftest.c >&5
configure:4433: $? = 0
configure:4433: result: yes
configure:4433: checking for unistd.h
configure:4433: gcc -c  -DLIBSSH2_DARWIN  conftest.c >&5
configure:4433: $? = 0
configure:4433: result: yes
configure:4446: checking for long long
configure:4446: gcc -c  -DLIBSSH2_DARWIN  conftest.c >&5
configure:4446: $? = 0
configure:4446: gcc -c  -DLIBSSH2_DARWIN  conftest.c >&5
conftest.c: In function 'main':
conftest.c:57: error: expected expression before ')' token
configure:4446: $? = 1
configure: failed program was:
| /* confdefs.h */
| #define PACKAGE_NAME "libssh2"
| #define PACKAGE_TARNAME "libssh2"
| #define PACKAGE_VERSION "-"
| #define PACKAGE_STRING "libssh2 -"
| #define PACKAGE_BUGREPORT "libssh2-devel@cool.haxx.se"
| #define PACKAGE_URL ""
| #define PACKAGE "libssh2"
| #define VERSION "1.2.7"
| #define STDC_HEADERS 1
| #define HAVE_SYS_TYPES_H 1
| #define HAVE_SYS_STAT_H 1
| #define HAVE_STDLIB_H 1
| #define HAVE_STRING_H 1
| #define HAVE_MEMORY_H 1
| #define HAVE_STRINGS_H 1
| #define HAVE_INTTYPES_H 1
| #define HAVE_STDINT_H 1
| #define HAVE_UNISTD_H 1
| /* end confdefs.h.  */
| #include <stdio.h>
| #ifdef HAVE_SYS_TYPES_H
| # include <sys/types.h>
| #endif
| #ifdef HAVE_SYS_STAT_H
| # include <sys/stat.h>
| #endif
| #ifdef STDC_HEADERS
| # include <stdlib.h>
| # include <stddef.h>
| #else
| # ifdef HAVE_STDLIB_H
| #  include <stdlib.h>
| # endif
| #endif
| #ifdef HAVE_STRING_H
| # if !defined STDC_HEADERS && defined HAVE_MEMORY_H
| #  include <memory.h>
| # endif
| # include <string.h>
| #endif
| #ifdef HAVE_STRINGS_H
| # include <strings.h>
| #endif
| #ifdef HAVE_INTTYPES_H
| # include <inttypes.h>
| #endif
| #ifdef HAVE_STDINT_H
| # include <stdint.h>
| #endif
| #ifdef HAVE_UNISTD_H
| # include <unistd.h>
| #endif
| int
| main ()
| {
| if (sizeof ((long long)))
| 	    return 0;
|   ;
|   return 0;
| }
configure:4446: result: yes
configure:4458: checking if _REENTRANT is already defined
configure:4480: gcc -c  -DLIBSSH2_DARWIN  conftest.c >&5
conftest.c: In function 'main':
conftest.c:32: error: 'force' undeclared (first use in this function)
conftest.c:32: error: (Each undeclared identifier is reported only once
conftest.c:32: error: for each function it appears in.)
conftest.c:32: error: expected ';' before 'compilation'
configure:4480: $? = 1
configure: failed program was:
| /* confdefs.h */
| #define PACKAGE_NAME "libssh2"
| #define PACKAGE_TARNAME "libssh2"
| #define PACKAGE_VERSION "-"
| #define PACKAGE_STRING "libssh2 -"
| #define PACKAGE_BUGREPORT "libssh2-devel@cool.haxx.se"
| #define PACKAGE_URL ""
| #define PACKAGE "libssh2"
| #define VERSION "1.2.7"
| #define STDC_HEADERS 1
| #define HAVE_SYS_TYPES_H 1
| #define HAVE_SYS_STAT_H 1
| #define HAVE_STDLIB_H 1
| #define HAVE_STRING_H 1
| #define HAVE_MEMORY_H 1
| #define HAVE_STRINGS_H 1
| #define HAVE_INTTYPES_H 1
| #define HAVE_STDINT_H 1
| #define HAVE_UNISTD_H 1
| #define HAVE_LONGLONG 1
| /* end confdefs.h.  */
| 
| 
| 
| int
| main ()
| {
| 
| #ifdef _REENTRANT
|       int dummy=1;
| #else
|       force compilation error
| #endif
| 
|   ;
|   return 0;
| }
| 
configure:4488: result: no
configure:4496: checking if _REENTRANT is actually needed
configure:4513: result: no
configure:4518: checking if _REENTRANT is onwards defined
configure:4535: result: no
configure:4542: checking for library containing socket
configure:4573: gcc -o conftest  -DLIBSSH2_DARWIN   conftest.c  >&5
configure:4573: $? = 0
configure:4590: result: none required
configure:4600: checking for library containing inet_addr
configure:4631: gcc -o conftest  -DLIBSSH2_DARWIN   conftest.c  >&5
configure:4631: $? = 0
configure:4648: result: none required
configure:4707: checking for gcc
configure:4734: result: gcc
configure:4963: checking for C compiler version
configure:4972: gcc --version >&5
i686-apple-darwin10-gcc-4.2.1 (GCC) 4.2.1 (Apple Inc. build 5664)
Copyright (C) 2007 Free Software Foundation, Inc.
This is free software; see the source for copying conditions.  There is NO
warranty; not even for MERCHANTABILITY or FITNESS FOR A PARTICULAR PURPOSE.

configure:4983: $? = 0
configure:4972: gcc -v >&5
Using built-in specs.
Target: i686-apple-darwin10
Configured with: /var/tmp/gcc/gcc-5664~105/src/configure --disable-checking --enable-werror --prefix=/usr --mandir=/share/man --enable-languages=c,objc,c++,obj-c++ --program-transform-name=/^[cg][^.-]*$/s/$/-4.2/ --with-slibdir=/usr/lib --build=i686-apple-darwin10 --program-prefix=i686-apple-darwin10- --host=x86_64-apple-darwin10 --target=i686-apple-darwin10 --with-gxx-include-dir=/include/c++/4.2.1
Thread model: posix
gcc version 4.2.1 (Apple Inc. build 5664)
configure:4983: $? = 0
configure:4972: gcc -V >&5
gcc-4.2: argument to `-V' is missing
configure:4983: $? = 1
configure:4972: gcc -qversion >&5
i686-apple-darwin10-gcc-4.2.1: no input files
configure:4983: $? = 1
configure:4987: checking whether we are using the GNU C compiler
configure:5015: result: yes
configure:5024: checking whether gcc accepts -g
configure:5085: result: yes
configure:5102: checking for gcc option to accept ISO C89
configure:5179: result: none needed
configure:5201: checking dependency style of gcc
configure:5291: result: gcc3
configure:5309: checking whether ln -s works
configure:5313: result: yes
configure:5320: checking whether make sets $(MAKE)
configure:5342: result: yes
configure:5355: checking for sshd
configure:5373: found /usr/sbin/sshd
configure:5385: result: /usr/sbin/sshd
configure:5734: checking for a sed that does not truncate output
configure:5798: result: /usr/bin/sed
configure:5816: checking for fgrep
configure:5878: result: /usr/bin/grep -F
configure:5913: checking for ld used by gcc
configure:5980: result: /usr/libexec/gcc/i686-apple-darwin10/4.2.1/ld
configure:5987: checking if the linker (/usr/libexec/gcc/i686-apple-darwin10/4.2.1/ld) is GNU ld
configure:6002: result: no
configure:6014: checking for BSD- or MS-compatible name lister (nm)
configure:6063: result: /usr/bin/nm
configure:6181: checking the name lister (/usr/bin/nm) interface
configure:6188: gcc -c  -DLIBSSH2_DARWIN  conftest.c >&5
configure:6191: /usr/bin/nm "conftest.o"
configure:6194: output
0000000000000000 D _some_variable
configure:6201: result: BSD nm
configure:6205: checking the maximum length of command line arguments
configure:6325: result: 196608
configure:6342: checking whether the shell understands some XSI constructs
configure:6352: result: yes
configure:6356: checking whether the shell understands "+="
configure:6362: result: yes
configure:6397: checking for /usr/libexec/gcc/i686-apple-darwin10/4.2.1/ld option to reload object files
configure:6404: result: -r
configure:6473: checking for objdump
configure:6500: result: objdump
configure:6529: checking how to recognize dependent libraries
configure:6725: result: pass_all
configure:6785: checking for ar
configure:6801: found /usr/bin/ar
configure:6812: result: ar
configure:6890: checking for strip
configure:6906: found /usr/bin/strip
configure:6917: result: strip
configure:6989: checking for ranlib
configure:7005: found /usr/bin/ranlib
configure:7016: result: ranlib
configure:7106: checking command to parse /usr/bin/nm output from gcc object
configure:7224: gcc -c  -DLIBSSH2_DARWIN  conftest.c >&5
configure:7227: $? = 0
configure:7231: /usr/bin/nm conftest.o \| sed -n -e 's/^.*[	 ]\([BCDEGRST][BCDEGRST]*\)[	 ][	 ]*\([_A-Za-z][_A-Za-z0-9]*\)$/\1 \2 \2/p' \> conftest.nm
configure:7234: $? = 0
cannot find nm_test_var in conftest.nm
configure:7224: gcc -c  -DLIBSSH2_DARWIN  conftest.c >&5
configure:7227: $? = 0
configure:7231: /usr/bin/nm conftest.o \| sed -n -e 's/^.*[	 ]\([BCDEGRST][BCDEGRST]*\)[	 ][	 ]*_\([_A-Za-z][_A-Za-z0-9]*\)$/\1 _\2 \2/p' \> conftest.nm
configure:7234: $? = 0
configure:7288: gcc -o conftest  -DLIBSSH2_DARWIN   conftest.c conftstm.o >&5
configure:7291: $? = 0
configure:7329: result: ok
configure:7593: checking for dsymutil
configure:7609: found /usr/bin/dsymutil
configure:7620: result: dsymutil
configure:7685: checking for nmedit
configure:7701: found /usr/bin/nmedit
configure:7712: result: nmedit
configure:7777: checking for lipo
configure:7793: found /usr/bin/lipo
configure:7804: result: lipo
configure:7869: checking for otool
configure:7885: found /usr/bin/otool
configure:7896: result: otool
configure:7961: checking for otool64
configure:7991: result: no
configure:8036: checking for -single_module linker flag
gcc  -DLIBSSH2_DARWIN  -o libconftest.dylib -dynamiclib -Wl,-single_module conftest.c
configure:8063: result: yes
configure:8065: checking for -exported_symbols_list linker flag
configure:8085: gcc -o conftest  -DLIBSSH2_DARWIN   -Wl,-exported_symbols_list,conftest.sym conftest.c  >&5
configure:8085: $? = 0
configure:8095: result: yes
configure:8134: checking for dlfcn.h
configure:8134: gcc -c  -DLIBSSH2_DARWIN  conftest.c >&5
configure:8134: $? = 0
configure:8134: result: yes
configure:8316: checking for objdir
configure:8331: result: .libs
configure:8627: checking if gcc supports -fno-rtti -fno-exceptions
configure:8645: gcc -c  -DLIBSSH2_DARWIN  -fno-rtti -fno-exceptions conftest.c >&5
cc1: warning: command line option "-fno-rtti" is valid for C++/ObjC++ but not for C
configure:8649: $? = 0
configure:8662: result: no
configure:8682: checking for gcc option to produce PIC
configure:8954: result: -fno-common -DPIC
configure:8966: checking if gcc PIC flag -fno-common -DPIC works
configure:8984: gcc -c  -DLIBSSH2_DARWIN  -fno-common -DPIC -DPIC conftest.c >&5
configure:8988: $? = 0
configure:9001: result: yes
configure:9025: checking if gcc static flag -static works
configure:9053: result: no
configure:9068: checking if gcc supports -c -o file.o
configure:9089: gcc -c  -DLIBSSH2_DARWIN  -o out/conftest2.o conftest.c >&5
configure:9093: $? = 0
configure:9115: result: yes
configure:9123: checking if gcc supports -c -o file.o
configure:9170: result: yes
configure:9203: checking whether the gcc linker (/usr/libexec/gcc/i686-apple-darwin10/4.2.1/ld) supports shared libraries
configure:10194: result: yes
configure:10433: checking dynamic linker characteristics
configure:11096: result: darwin10.5.0 dyld
configure:11198: checking how to hardcode library paths into programs
configure:11223: result: immediate
configure:11743: checking whether stripping libraries is possible
configure:11757: result: yes
configure:11783: checking if libtool supports shared libraries
configure:11785: result: yes
configure:11788: checking whether to build shared libraries
configure:11809: result: yes
configure:11812: checking whether to build static libraries
configure:11816: result: yes
configure:11851: checking whether byte ordering is bigendian
configure:11866: gcc -c  -DLIBSSH2_DARWIN  conftest.c >&5
configure:11866: $? = 0
configure:11911: gcc -c  -DLIBSSH2_DARWIN  conftest.c >&5
configure:11911: $? = 0
configure:11929: gcc -c  -DLIBSSH2_DARWIN  conftest.c >&5
conftest.c: In function 'main':
conftest.c:31: error: 'not' undeclared (first use in this function)
conftest.c:31: error: (Each undeclared identifier is reported only once
conftest.c:31: error: for each function it appears in.)
conftest.c:31: error: expected ';' before 'big'
configure:11929: $? = 1
configure: failed program was:
| /* confdefs.h */
| #define PACKAGE_NAME "libssh2"
| #define PACKAGE_TARNAME "libssh2"
| #define PACKAGE_VERSION "-"
| #define PACKAGE_STRING "libssh2 -"
| #define PACKAGE_BUGREPORT "libssh2-devel@cool.haxx.se"
| #define PACKAGE_URL ""
| #define PACKAGE "libssh2"
| #define VERSION "1.2.7"
| #define STDC_HEADERS 1
| #define HAVE_SYS_TYPES_H 1
| #define HAVE_SYS_STAT_H 1
| #define HAVE_STDLIB_H 1
| #define HAVE_STRING_H 1
| #define HAVE_MEMORY_H 1
| #define HAVE_STRINGS_H 1
| #define HAVE_INTTYPES_H 1
| #define HAVE_STDINT_H 1
| #define HAVE_UNISTD_H 1
| #define HAVE_LONGLONG 1
| #define HAVE_DLFCN_H 1
| #define LT_OBJDIR ".libs/"
| /* end confdefs.h.  */
| #include <sys/types.h>
| 		#include <sys/param.h>
| 
| int
| main ()
| {
| #if BYTE_ORDER != BIG_ENDIAN
| 		 not big endian
| 		#endif
| 
|   ;
|   return 0;
| }
configure:12057: result: no
configure:12083: checking for special C compiler options needed for large files
configure:12128: result: no
configure:12134: checking for _FILE_OFFSET_BITS value needed for large files
configure:12159: gcc -c  -DLIBSSH2_DARWIN  conftest.c >&5
configure:12159: $? = 0
configure:12191: result: no
configure:12343: checking for ld used by GCC
configure:12407: result: /usr/libexec/gcc/i686-apple-darwin10/4.2.1/ld
configure:12414: checking if the linker (/usr/libexec/gcc/i686-apple-darwin10/4.2.1/ld) is GNU ld
configure:12427: result: no
configure:12434: checking for shared library run path origin
configure:12447: result: done
configure:12952: checking for libssl
configure:12971: gcc -o conftest  -DLIBSSH2_DARWIN   conftest.c  -lssl -lcrypto >&5
configure:12971: $? = 0
configure:12981: result: yes
configure:12988: checking how to link with libssl
configure:12990: result: -lssl -lcrypto
configure:13560: checking for EVP_aes_128_ctr
configure:13560: gcc -o conftest  -DLIBSSH2_DARWIN   -lssl -lcrypto conftest.c  >&5
Undefined symbols:
  "_EVP_aes_128_ctr", referenced from:
      _main in ccOMQ00t.o
ld: symbol(s) not found
collect2: ld returned 1 exit status
configure:13560: $? = 1
configure: failed program was:
| /* confdefs.h */
| #define PACKAGE_NAME "libssh2"
| #define PACKAGE_TARNAME "libssh2"
| #define PACKAGE_VERSION "-"
| #define PACKAGE_STRING "libssh2 -"
| #define PACKAGE_BUGREPORT "libssh2-devel@cool.haxx.se"
| #define PACKAGE_URL ""
| #define PACKAGE "libssh2"
| #define VERSION "1.2.7"
| #define STDC_HEADERS 1
| #define HAVE_SYS_TYPES_H 1
| #define HAVE_SYS_STAT_H 1
| #define HAVE_STDLIB_H 1
| #define HAVE_STRING_H 1
| #define HAVE_MEMORY_H 1
| #define HAVE_STRINGS_H 1
| #define HAVE_INTTYPES_H 1
| #define HAVE_STDINT_H 1
| #define HAVE_UNISTD_H 1
| #define HAVE_LONGLONG 1
| #define HAVE_DLFCN_H 1
| #define LT_OBJDIR ".libs/"
| #define HAVE_LIBSSL 1
| /* end confdefs.h.  */
| /* Define EVP_aes_128_ctr to an innocuous variant, in case <limits.h> declares EVP_aes_128_ctr.
|    For example, HP-UX 11i <limits.h> declares gettimeofday.  */
| #define EVP_aes_128_ctr innocuous_EVP_aes_128_ctr
| 
| /* System header to define __stub macros and hopefully few prototypes,
|     which can conflict with char EVP_aes_128_ctr (); below.
|     Prefer <limits.h> to <assert.h> if __STDC__ is defined, since
|     <limits.h> exists even on freestanding compilers.  */
| 
| #ifdef __STDC__
| # include <limits.h>
| #else
| # include <assert.h>
| #endif
| 
| #undef EVP_aes_128_ctr
| 
| /* Override any GCC internal prototype to avoid an error.
|    Use char because int might match the return type of a GCC
|    builtin and then its argument prototype would still apply.  */
| #ifdef __cplusplus
| extern "C"
| #endif
| char EVP_aes_128_ctr ();
| /* The GNU C library defines this for functions which it implements
|     to always fail with ENOSYS.  Some functions are actually named
|     something starting with __ and the normal name is an alias.  */
| #if defined __stub_EVP_aes_128_ctr || defined __stub___EVP_aes_128_ctr
| choke me
| #endif
| 
| int
| main ()
| {
| return EVP_aes_128_ctr ();
|   ;
|   return 0;
| }
configure:13560: result: no
configure:14041: checking for libz
configure:14060: gcc -o conftest  -DLIBSSH2_DARWIN   conftest.c  -lz >&5
configure:14060: $? = 0
configure:14070: result: yes
configure:14077: checking how to link with libz
configure:14079: result: -lz
configure:14137: checking whether to enable pedantic and debug compiler options
configure:14270: result: no
configure:14276: checking whether to enable hidden symbols in the library
configure:14317: result: no
configure:14328: checking errno.h usability
configure:14328: gcc -c  -DLIBSSH2_DARWIN  conftest.c >&5
configure:14328: $? = 0
configure:14328: result: yes
configure:14328: checking errno.h presence
configure:14328: gcc -E  conftest.c
configure:14328: $? = 0
configure:14328: result: yes
configure:14328: checking for errno.h
configure:14328: result: yes
configure:14328: checking fcntl.h usability
configure:14328: gcc -c  -DLIBSSH2_DARWIN  conftest.c >&5
configure:14328: $? = 0
configure:14328: result: yes
configure:14328: checking fcntl.h presence
configure:14328: gcc -E  conftest.c
configure:14328: $? = 0
configure:14328: result: yes
configure:14328: checking for fcntl.h
configure:14328: result: yes
configure:14328: checking stdio.h usability
configure:14328: gcc -c  -DLIBSSH2_DARWIN  conftest.c >&5
configure:14328: $? = 0
configure:14328: result: yes
configure:14328: checking stdio.h presence
configure:14328: gcc -E  conftest.c
configure:14328: $? = 0
configure:14328: result: yes
configure:14328: checking for stdio.h
configure:14328: result: yes
configure:14328: checking for stdlib.h
configure:14328: result: yes
configure:14328: checking for unistd.h
configure:14328: result: yes
configure:14328: checking sys/uio.h usability
configure:14328: gcc -c  -DLIBSSH2_DARWIN  conftest.c >&5
configure:14328: $? = 0
configure:14328: result: yes
configure:14328: checking sys/uio.h presence
configure:14328: gcc -E  conftest.c
configure:14328: $? = 0
configure:14328: result: yes
configure:14328: checking for sys/uio.h
configure:14328: result: yes
configure:14342: checking sys/select.h usability
configure:14342: gcc -c  -DLIBSSH2_DARWIN  conftest.c >&5
configure:14342: $? = 0
configure:14342: result: yes
configure:14342: checking sys/select.h presence
configure:14342: gcc -E  conftest.c
configure:14342: $? = 0
configure:14342: result: yes
configure:14342: checking for sys/select.h
configure:14342: result: yes
configure:14342: checking sys/socket.h usability
configure:14342: gcc -c  -DLIBSSH2_DARWIN  conftest.c >&5
configure:14342: $? = 0
configure:14342: result: yes
configure:14342: checking sys/socket.h presence
configure:14342: gcc -E  conftest.c
configure:14342: $? = 0
configure:14342: result: yes
configure:14342: checking for sys/socket.h
configure:14342: result: yes
configure:14342: checking sys/ioctl.h usability
configure:14342: gcc -c  -DLIBSSH2_DARWIN  conftest.c >&5
configure:14342: $? = 0
configure:14342: result: yes
configure:14342: checking sys/ioctl.h presence
configure:14342: gcc -E  conftest.c
configure:14342: $? = 0
configure:14342: result: yes
configure:14342: checking for sys/ioctl.h
configure:14342: result: yes
configure:14342: checking sys/time.h usability
configure:14342: gcc -c  -DLIBSSH2_DARWIN  conftest.c >&5
configure:14342: $? = 0
configure:14342: result: yes
configure:14342: checking sys/time.h presence
configure:14342: gcc -E  conftest.c
configure:14342: $? = 0
configure:14342: result: yes
configure:14342: checking for sys/time.h
configure:14342: result: yes
configure:14356: checking arpa/inet.h usability
configure:14356: gcc -c  -DLIBSSH2_DARWIN  conftest.c >&5
configure:14356: $? = 0
configure:14356: result: yes
configure:14356: checking arpa/inet.h presence
configure:14356: gcc -E  conftest.c
configure:14356: $? = 0
configure:14356: result: yes
configure:14356: checking for arpa/inet.h
configure:14356: result: yes
configure:14356: checking netinet/in.h usability
configure:14356: gcc -c  -DLIBSSH2_DARWIN  conftest.c >&5
configure:14356: $? = 0
configure:14356: result: yes
configure:14356: checking netinet/in.h presence
configure:14356: gcc -E  conftest.c
configure:14356: $? = 0
configure:14356: result: yes
configure:14356: checking for netinet/in.h
configure:14356: result: yes
configure:14369: checking sys/un.h usability
configure:14369: gcc -c  -DLIBSSH2_DARWIN  conftest.c >&5
configure:14369: $? = 0
configure:14369: result: yes
configure:14369: checking sys/un.h presence
configure:14369: gcc -E  conftest.c
configure:14369: $? = 0
configure:14369: result: yes
configure:14369: checking for sys/un.h
configure:14369: result: yes
configure:14388: checking windows.h usability
configure:14388: gcc -c  -DLIBSSH2_DARWIN  conftest.c >&5
conftest.c:74:21: error: windows.h: No such file or directory
configure:14388: $? = 1
configure: failed program was:
| /* confdefs.h */
| #define PACKAGE_NAME "libssh2"
| #define PACKAGE_TARNAME "libssh2"
| #define PACKAGE_VERSION "-"
| #define PACKAGE_STRING "libssh2 -"
| #define PACKAGE_BUGREPORT "libssh2-devel@cool.haxx.se"
| #define PACKAGE_URL ""
| #define PACKAGE "libssh2"
| #define VERSION "1.2.7"
| #define STDC_HEADERS 1
| #define HAVE_SYS_TYPES_H 1
| #define HAVE_SYS_STAT_H 1
| #define HAVE_STDLIB_H 1
| #define HAVE_STRING_H 1
| #define HAVE_MEMORY_H 1
| #define HAVE_STRINGS_H 1
| #define HAVE_INTTYPES_H 1
| #define HAVE_STDINT_H 1
| #define HAVE_UNISTD_H 1
| #define HAVE_LONGLONG 1
| #define HAVE_DLFCN_H 1
| #define LT_OBJDIR ".libs/"
| #define HAVE_LIBSSL 1
| #define HAVE_LIBZ 1
| #define LIBSSH2_HAVE_ZLIB 1
| #define LIBSSH2_DH_GEX_NEW 1
| #define HAVE_ERRNO_H 1
| #define HAVE_FCNTL_H 1
| #define HAVE_STDIO_H 1
| #define HAVE_STDLIB_H 1
| #define HAVE_UNISTD_H 1
| #define HAVE_SYS_UIO_H 1
| #define HAVE_SYS_SELECT_H 1
| #define HAVE_SYS_SOCKET_H 1
| #define HAVE_SYS_IOCTL_H 1
| #define HAVE_SYS_TIME_H 1
| #define HAVE_ARPA_INET_H 1
| #define HAVE_NETINET_IN_H 1
| #define HAVE_SYS_UN_H 1
| /* end confdefs.h.  */
| #include <stdio.h>
| #ifdef HAVE_SYS_TYPES_H
| # include <sys/types.h>
| #endif
| #ifdef HAVE_SYS_STAT_H
| # include <sys/stat.h>
| #endif
| #ifdef STDC_HEADERS
| # include <stdlib.h>
| # include <stddef.h>
| #else
| # ifdef HAVE_STDLIB_H
| #  include <stdlib.h>
| # endif
| #endif
| #ifdef HAVE_STRING_H
| # if !defined STDC_HEADERS && defined HAVE_MEMORY_H
| #  include <memory.h>
| # endif
| # include <string.h>
| #endif
| #ifdef HAVE_STRINGS_H
| # include <strings.h>
| #endif
| #ifdef HAVE_INTTYPES_H
| # include <inttypes.h>
| #endif
| #ifdef HAVE_STDINT_H
| # include <stdint.h>
| #endif
| #ifdef HAVE_UNISTD_H
| # include <unistd.h>
| #endif
| #include <windows.h>
configure:14388: result: no
configure:14388: checking windows.h presence
configure:14388: gcc -E  conftest.c
conftest.c:41:21: error: windows.h: No such file or directory
configure:14388: $? = 1
configure: failed program was:
| /* confdefs.h */
| #define PACKAGE_NAME "libssh2"
| #define PACKAGE_TARNAME "libssh2"
| #define PACKAGE_VERSION "-"
| #define PACKAGE_STRING "libssh2 -"
| #define PACKAGE_BUGREPORT "libssh2-devel@cool.haxx.se"
| #define PACKAGE_URL ""
| #define PACKAGE "libssh2"
| #define VERSION "1.2.7"
| #define STDC_HEADERS 1
| #define HAVE_SYS_TYPES_H 1
| #define HAVE_SYS_STAT_H 1
| #define HAVE_STDLIB_H 1
| #define HAVE_STRING_H 1
| #define HAVE_MEMORY_H 1
| #define HAVE_STRINGS_H 1
| #define HAVE_INTTYPES_H 1
| #define HAVE_STDINT_H 1
| #define HAVE_UNISTD_H 1
| #define HAVE_LONGLONG 1
| #define HAVE_DLFCN_H 1
| #define LT_OBJDIR ".libs/"
| #define HAVE_LIBSSL 1
| #define HAVE_LIBZ 1
| #define LIBSSH2_HAVE_ZLIB 1
| #define LIBSSH2_DH_GEX_NEW 1
| #define HAVE_ERRNO_H 1
| #define HAVE_FCNTL_H 1
| #define HAVE_STDIO_H 1
| #define HAVE_STDLIB_H 1
| #define HAVE_UNISTD_H 1
| #define HAVE_SYS_UIO_H 1
| #define HAVE_SYS_SELECT_H 1
| #define HAVE_SYS_SOCKET_H 1
| #define HAVE_SYS_IOCTL_H 1
| #define HAVE_SYS_TIME_H 1
| #define HAVE_ARPA_INET_H 1
| #define HAVE_NETINET_IN_H 1
| #define HAVE_SYS_UN_H 1
| /* end confdefs.h.  */
| #include <windows.h>
configure:14388: result: no
configure:14388: checking for windows.h
configure:14388: result: no
configure:14388: checking winsock2.h usability
configure:14388: gcc -c  -DLIBSSH2_DARWIN  conftest.c >&5
conftest.c:74:22: error: winsock2.h: No such file or directory
configure:14388: $? = 1
configure: failed program was:
| /* confdefs.h */
| #define PACKAGE_NAME "libssh2"
| #define PACKAGE_TARNAME "libssh2"
| #define PACKAGE_VERSION "-"
| #define PACKAGE_STRING "libssh2 -"
| #define PACKAGE_BUGREPORT "libssh2-devel@cool.haxx.se"
| #define PACKAGE_URL ""
| #define PACKAGE "libssh2"
| #define VERSION "1.2.7"
| #define STDC_HEADERS 1
| #define HAVE_SYS_TYPES_H 1
| #define HAVE_SYS_STAT_H 1
| #define HAVE_STDLIB_H 1
| #define HAVE_STRING_H 1
| #define HAVE_MEMORY_H 1
| #define HAVE_STRINGS_H 1
| #define HAVE_INTTYPES_H 1
| #define HAVE_STDINT_H 1
| #define HAVE_UNISTD_H 1
| #define HAVE_LONGLONG 1
| #define HAVE_DLFCN_H 1
| #define LT_OBJDIR ".libs/"
| #define HAVE_LIBSSL 1
| #define HAVE_LIBZ 1
| #define LIBSSH2_HAVE_ZLIB 1
| #define LIBSSH2_DH_GEX_NEW 1
| #define HAVE_ERRNO_H 1
| #define HAVE_FCNTL_H 1
| #define HAVE_STDIO_H 1
| #define HAVE_STDLIB_H 1
| #define HAVE_UNISTD_H 1
| #define HAVE_SYS_UIO_H 1
| #define HAVE_SYS_SELECT_H 1
| #define HAVE_SYS_SOCKET_H 1
| #define HAVE_SYS_IOCTL_H 1
| #define HAVE_SYS_TIME_H 1
| #define HAVE_ARPA_INET_H 1
| #define HAVE_NETINET_IN_H 1
| #define HAVE_SYS_UN_H 1
| /* end confdefs.h.  */
| #include <stdio.h>
| #ifdef HAVE_SYS_TYPES_H
| # include <sys/types.h>
| #endif
| #ifdef HAVE_SYS_STAT_H
| # include <sys/stat.h>
| #endif
| #ifdef STDC_HEADERS
| # include <stdlib.h>
| # include <stddef.h>
| #else
| # ifdef HAVE_STDLIB_H
| #  include <stdlib.h>
| # endif
| #endif
| #ifdef HAVE_STRING_H
| # if !defined STDC_HEADERS && defined HAVE_MEMORY_H
| #  include <memory.h>
| # endif
| # include <string.h>
| #endif
| #ifdef HAVE_STRINGS_H
| # include <strings.h>
| #endif
| #ifdef HAVE_INTTYPES_H
| # include <inttypes.h>
| #endif
| #ifdef HAVE_STDINT_H
| # include <stdint.h>
| #endif
| #ifdef HAVE_UNISTD_H
| # include <unistd.h>
| #endif
| #include <winsock2.h>
configure:14388: result: no
configure:14388: checking winsock2.h presence
configure:14388: gcc -E  conftest.c
conftest.c:41:22: error: winsock2.h: No such file or directory
configure:14388: $? = 1
configure: failed program was:
| /* confdefs.h */
| #define PACKAGE_NAME "libssh2"
| #define PACKAGE_TARNAME "libssh2"
| #define PACKAGE_VERSION "-"
| #define PACKAGE_STRING "libssh2 -"
| #define PACKAGE_BUGREPORT "libssh2-devel@cool.haxx.se"
| #define PACKAGE_URL ""
| #define PACKAGE "libssh2"
| #define VERSION "1.2.7"
| #define STDC_HEADERS 1
| #define HAVE_SYS_TYPES_H 1
| #define HAVE_SYS_STAT_H 1
| #define HAVE_STDLIB_H 1
| #define HAVE_STRING_H 1
| #define HAVE_MEMORY_H 1
| #define HAVE_STRINGS_H 1
| #define HAVE_INTTYPES_H 1
| #define HAVE_STDINT_H 1
| #define HAVE_UNISTD_H 1
| #define HAVE_LONGLONG 1
| #define HAVE_DLFCN_H 1
| #define LT_OBJDIR ".libs/"
| #define HAVE_LIBSSL 1
| #define HAVE_LIBZ 1
| #define LIBSSH2_HAVE_ZLIB 1
| #define LIBSSH2_DH_GEX_NEW 1
| #define HAVE_ERRNO_H 1
| #define HAVE_FCNTL_H 1
| #define HAVE_STDIO_H 1
| #define HAVE_STDLIB_H 1
| #define HAVE_UNISTD_H 1
| #define HAVE_SYS_UIO_H 1
| #define HAVE_SYS_SELECT_H 1
| #define HAVE_SYS_SOCKET_H 1
| #define HAVE_SYS_IOCTL_H 1
| #define HAVE_SYS_TIME_H 1
| #define HAVE_ARPA_INET_H 1
| #define HAVE_NETINET_IN_H 1
| #define HAVE_SYS_UN_H 1
| /* end confdefs.h.  */
| #include <winsock2.h>
configure:14388: result: no
configure:14388: checking for winsock2.h
configure:14388: result: no
configure:14388: checking ws2tcpip.h usability
configure:14388: gcc -c  -DLIBSSH2_DARWIN  conftest.c >&5
conftest.c:74:22: error: ws2tcpip.h: No such file or directory
configure:14388: $? = 1
configure: failed program was:
| /* confdefs.h */
| #define PACKAGE_NAME "libssh2"
| #define PACKAGE_TARNAME "libssh2"
| #define PACKAGE_VERSION "-"
| #define PACKAGE_STRING "libssh2 -"
| #define PACKAGE_BUGREPORT "libssh2-devel@cool.haxx.se"
| #define PACKAGE_URL ""
| #define PACKAGE "libssh2"
| #define VERSION "1.2.7"
| #define STDC_HEADERS 1
| #define HAVE_SYS_TYPES_H 1
| #define HAVE_SYS_STAT_H 1
| #define HAVE_STDLIB_H 1
| #define HAVE_STRING_H 1
| #define HAVE_MEMORY_H 1
| #define HAVE_STRINGS_H 1
| #define HAVE_INTTYPES_H 1
| #define HAVE_STDINT_H 1
| #define HAVE_UNISTD_H 1
| #define HAVE_LONGLONG 1
| #define HAVE_DLFCN_H 1
| #define LT_OBJDIR ".libs/"
| #define HAVE_LIBSSL 1
| #define HAVE_LIBZ 1
| #define LIBSSH2_HAVE_ZLIB 1
| #define LIBSSH2_DH_GEX_NEW 1
| #define HAVE_ERRNO_H 1
| #define HAVE_FCNTL_H 1
| #define HAVE_STDIO_H 1
| #define HAVE_STDLIB_H 1
| #define HAVE_UNISTD_H 1
| #define HAVE_SYS_UIO_H 1
| #define HAVE_SYS_SELECT_H 1
| #define HAVE_SYS_SOCKET_H 1
| #define HAVE_SYS_IOCTL_H 1
| #define HAVE_SYS_TIME_H 1
| #define HAVE_ARPA_INET_H 1
| #define HAVE_NETINET_IN_H 1
| #define HAVE_SYS_UN_H 1
| /* end confdefs.h.  */
| #include <stdio.h>
| #ifdef HAVE_SYS_TYPES_H
| # include <sys/types.h>
| #endif
| #ifdef HAVE_SYS_STAT_H
| # include <sys/stat.h>
| #endif
| #ifdef STDC_HEADERS
| # include <stdlib.h>
| # include <stddef.h>
| #else
| # ifdef HAVE_STDLIB_H
| #  include <stdlib.h>
| # endif
| #endif
| #ifdef HAVE_STRING_H
| # if !defined STDC_HEADERS && defined HAVE_MEMORY_H
| #  include <memory.h>
| # endif
| # include <string.h>
| #endif
| #ifdef HAVE_STRINGS_H
| # include <strings.h>
| #endif
| #ifdef HAVE_INTTYPES_H
| # include <inttypes.h>
| #endif
| #ifdef HAVE_STDINT_H
| # include <stdint.h>
| #endif
| #ifdef HAVE_UNISTD_H
| # include <unistd.h>
| #endif
| #include <ws2tcpip.h>
configure:14388: result: no
configure:14388: checking ws2tcpip.h presence
configure:14388: gcc -E  conftest.c
conftest.c:41:22: error: ws2tcpip.h: No such file or directory
configure:14388: $? = 1
configure: failed program was:
| /* confdefs.h */
| #define PACKAGE_NAME "libssh2"
| #define PACKAGE_TARNAME "libssh2"
| #define PACKAGE_VERSION "-"
| #define PACKAGE_STRING "libssh2 -"
| #define PACKAGE_BUGREPORT "libssh2-devel@cool.haxx.se"
| #define PACKAGE_URL ""
| #define PACKAGE "libssh2"
| #define VERSION "1.2.7"
| #define STDC_HEADERS 1
| #define HAVE_SYS_TYPES_H 1
| #define HAVE_SYS_STAT_H 1
| #define HAVE_STDLIB_H 1
| #define HAVE_STRING_H 1
| #define HAVE_MEMORY_H 1
| #define HAVE_STRINGS_H 1
| #define HAVE_INTTYPES_H 1
| #define HAVE_STDINT_H 1
| #define HAVE_UNISTD_H 1
| #define HAVE_LONGLONG 1
| #define HAVE_DLFCN_H 1
| #define LT_OBJDIR ".libs/"
| #define HAVE_LIBSSL 1
| #define HAVE_LIBZ 1
| #define LIBSSH2_HAVE_ZLIB 1
| #define LIBSSH2_DH_GEX_NEW 1
| #define HAVE_ERRNO_H 1
| #define HAVE_FCNTL_H 1
| #define HAVE_STDIO_H 1
| #define HAVE_STDLIB_H 1
| #define HAVE_UNISTD_H 1
| #define HAVE_SYS_UIO_H 1
| #define HAVE_SYS_SELECT_H 1
| #define HAVE_SYS_SOCKET_H 1
| #define HAVE_SYS_IOCTL_H 1
| #define HAVE_SYS_TIME_H 1
| #define HAVE_ARPA_INET_H 1
| #define HAVE_NETINET_IN_H 1
| #define HAVE_SYS_UN_H 1
| /* end confdefs.h.  */
| #include <ws2tcpip.h>
configure:14388: result: no
configure:14388: checking for ws2tcpip.h
configure:14388: result: no
configure:14404: poll use is disabled on this platform
configure:14425: checking for gettimeofday
configure:14425: gcc -o conftest  -DLIBSSH2_DARWIN   conftest.c  >&5
configure:14425: $? = 0
configure:14425: result: yes
configure:14425: checking for select
configure:14425: gcc -o conftest  -DLIBSSH2_DARWIN   conftest.c  >&5
configure:14425: $? = 0
configure:14425: result: yes
configure:14425: checking for strtoll
configure:14425: gcc -o conftest  -DLIBSSH2_DARWIN   conftest.c  >&5
configure:14425: $? = 0
configure:14425: result: yes
configure:14482: checking for working alloca.h
configure:14499: gcc -o conftest  -DLIBSSH2_DARWIN   conftest.c  >&5
configure:14499: $? = 0
configure:14507: result: yes
configure:14515: checking for alloca
configure:14552: gcc -o conftest  -DLIBSSH2_DARWIN   conftest.c  >&5
configure:14552: $? = 0
configure:14560: result: yes
configure:14672: checking for an ANSI C-conforming const
configure:14737: gcc -c  -DLIBSSH2_DARWIN  conftest.c >&5
configure:14737: $? = 0
configure:14744: result: yes
configure:14752: checking for inline
configure:14768: gcc -c  -DLIBSSH2_DARWIN  conftest.c >&5
configure:14768: $? = 0
configure:14776: result: inline
configure:14796: checking non-blocking sockets style
configure:14834: gcc -c  -DLIBSSH2_DARWIN  conftest.c >&5
configure:14834: $? = 0
configure:14995: result: O_NONBLOCK
configure:15133: creating ./config.status

## ---------------------- ##
## Running config.status. ##
## ---------------------- ##

This file was extended by libssh2 config.status -, which was
generated by GNU Autoconf 2.65.  Invocation command line was

  CONFIG_FILES    = 
  CONFIG_HEADERS  = 
  CONFIG_LINKS    = 
  CONFIG_COMMANDS = 
  $ ./config.status 

on eimac

config.status:1109: creating Makefile
config.status:1109: creating src/Makefile
config.status:1109: creating tests/Makefile
config.status:1109: creating example/Makefile
config.status:1109: creating docs/Makefile
config.status:1109: creating libssh2.pc
config.status:1109: creating src/libssh2_config.h
config.status:1275: src/libssh2_config.h is unchanged
config.status:1109: creating example/libssh2_config.h
config.status:1275: example/libssh2_config.h is unchanged
config.status:1322: executing depfiles commands
config.status:1322: executing libtool commands
configure:17342: summary of build options:

  version:          1.2.7
  Host type:        i386-apple-darwin10.5.0
  Install prefix:   /usr/local
  Compiler:         gcc
  Compiler flags:    -DLIBSSH2_DARWIN
  Library types:    Shared=yes, Static=yes
  Crypto library:   openssl: yes (AES-CTR: no) libgcrypt: no
  Debug build:      no
  Path to sshd:     /usr/sbin/sshd (only for self-tests)
  libz compression: yes


## ---------------- ##
## Cache variables. ##
## ---------------- ##

ac_cv_build=i386-apple-darwin10.5.0
ac_cv_c_bigendian=no
ac_cv_c_compiler_gnu=yes
ac_cv_c_const=yes
ac_cv_c_inline=inline
ac_cv_env_CC_set=
ac_cv_env_CC_value=
ac_cv_env_CFLAGS_set=
ac_cv_env_CFLAGS_value=
ac_cv_env_CPPFLAGS_set=
ac_cv_env_CPPFLAGS_value=
ac_cv_env_CPP_set=
ac_cv_env_CPP_value=
ac_cv_env_LDFLAGS_set=
ac_cv_env_LDFLAGS_value=
ac_cv_env_LIBS_set=
ac_cv_env_LIBS_value=
ac_cv_env_build_alias_set=
ac_cv_env_build_alias_value=
ac_cv_env_host_alias_set=
ac_cv_env_host_alias_value=
ac_cv_env_target_alias_set=
ac_cv_env_target_alias_value=
ac_cv_func_EVP_aes_128_ctr=no
ac_cv_func_alloca_works=yes
ac_cv_func_gettimeofday=yes
ac_cv_func_select=yes
ac_cv_func_strtoll=yes
ac_cv_header_arpa_inet_h=yes
ac_cv_header_dlfcn_h=yes
ac_cv_header_errno_h=yes
ac_cv_header_fcntl_h=yes
ac_cv_header_inttypes_h=yes
ac_cv_header_memory_h=yes
ac_cv_header_netinet_in_h=yes
ac_cv_header_stdc=yes
ac_cv_header_stdint_h=yes
ac_cv_header_stdio_h=yes
ac_cv_header_stdlib_h=yes
ac_cv_header_string_h=yes
ac_cv_header_strings_h=yes
ac_cv_header_sys_ioctl_h=yes
ac_cv_header_sys_select_h=yes
ac_cv_header_sys_socket_h=yes
ac_cv_header_sys_stat_h=yes
ac_cv_header_sys_time_h=yes
ac_cv_header_sys_types_h=yes
ac_cv_header_sys_uio_h=yes
ac_cv_header_sys_un_h=yes
ac_cv_header_unistd_h=yes
ac_cv_header_windows_h=no
ac_cv_header_winsock2_h=no
ac_cv_header_ws2tcpip_h=no
ac_cv_host=i386-apple-darwin10.5.0
ac_cv_libssl=yes
ac_cv_libz=yes
ac_cv_objext=o
ac_cv_path_EGREP='/usr/bin/grep -E'
ac_cv_path_FGREP='/usr/bin/grep -F'
ac_cv_path_GREP=/usr/bin/grep
ac_cv_path_SED=/usr/bin/sed
ac_cv_path_SSHD=/usr/sbin/sshd
ac_cv_path_install='/usr/bin/install -c'
ac_cv_prog_AWK=gawk
ac_cv_prog_CPP='gcc -E'
ac_cv_prog_ac_ct_AR=ar
ac_cv_prog_ac_ct_CC=gcc
ac_cv_prog_ac_ct_DSYMUTIL=dsymutil
ac_cv_prog_ac_ct_LIPO=lipo
ac_cv_prog_ac_ct_NMEDIT=nmedit
ac_cv_prog_ac_ct_OBJDUMP=objdump
ac_cv_prog_ac_ct_OTOOL=otool
ac_cv_prog_ac_ct_RANLIB=ranlib
ac_cv_prog_ac_ct_STRIP=strip
ac_cv_prog_cc_c89=
ac_cv_prog_cc_g=yes
ac_cv_prog_make_make_set=yes
ac_cv_search_inet_addr='none required'
ac_cv_search_socket='none required'
ac_cv_sys_file_offset_bits=no
ac_cv_sys_largefile_CC=no
ac_cv_type_long_long=yes
ac_cv_working_alloca_h=yes
acl_cv_hardcode_direct=no
acl_cv_hardcode_libdir_flag_spec=
acl_cv_hardcode_libdir_separator=
acl_cv_hardcode_minus_L=no
acl_cv_libext=a
acl_cv_libname_spec='lib$name'
acl_cv_library_names_spec='$libname$shrext'
acl_cv_path_LD=/usr/libexec/gcc/i686-apple-darwin10/4.2.1/ld
acl_cv_prog_gnu_ld=no
acl_cv_rpath=done
acl_cv_shlibext=dylib
acl_cv_wl=-Wl,
am_cv_CC_dependencies_compiler_type=gcc3
lt_cv_apple_cc_single_mod=yes
lt_cv_deplibs_check_method=pass_all
lt_cv_file_magic_cmd='$MAGIC_CMD'
lt_cv_file_magic_test_file=
lt_cv_ld_exported_symbols_list=yes
lt_cv_ld_reload_flag=-r
lt_cv_nm_interface='BSD nm'
lt_cv_objdir=.libs
lt_cv_path_LD=/usr/libexec/gcc/i686-apple-darwin10/4.2.1/ld
lt_cv_path_NM=/usr/bin/nm
lt_cv_prog_compiler_c_o=yes
lt_cv_prog_compiler_pic_works=yes
lt_cv_prog_compiler_rtti_exceptions=no
lt_cv_prog_compiler_static_works=no
lt_cv_prog_gnu_ld=no
lt_cv_sys_global_symbol_pipe='sed -n -e '\''s/^.*[	 ]\([BCDEGRST][BCDEGRST]*\)[	 ][	 ]*_\([_A-Za-z][_A-Za-z0-9]*\)$/\1 _\2 \2/p'\'''
lt_cv_sys_global_symbol_to_c_name_address='sed -n -e '\''s/^: \([^ ]*\) $/  {\"\1\", (void *) 0},/p'\'' -e '\''s/^[BCDEGRST]* \([^ ]*\) \([^ ]*\)$/  {"\2", (void *) \&\2},/p'\'''
lt_cv_sys_global_symbol_to_c_name_address_lib_prefix='sed -n -e '\''s/^: \([^ ]*\) $/  {\"\1\", (void *) 0},/p'\'' -e '\''s/^[BCDEGRST]* \([^ ]*\) \(lib[^ ]*\)$/  {"\2", (void *) \&\2},/p'\'' -e '\''s/^[BCDEGRST]* \([^ ]*\) \([^ ]*\)$/  {"lib\2", (void *) \&\2},/p'\'''
lt_cv_sys_global_symbol_to_cdecl='sed -n -e '\''s/^T .* \(.*\)$/extern int \1();/p'\'' -e '\''s/^[BCDEGRST]* .* \(.*\)$/extern char \1;/p'\'''
lt_cv_sys_max_cmd_len=196608

## ----------------- ##
## Output variables. ##
## ----------------- ##

ACLOCAL='${SHELL} /Users/ede/Documents/workspace/iPhone/MacSleep/libssh2-1.2.7/missing --run aclocal-1.9'
ALLOCA=''
AMDEPBACKSLASH='\'
AMDEP_FALSE='#'
AMDEP_TRUE=''
AMTAR='${SHELL} /Users/ede/Documents/workspace/iPhone/MacSleep/libssh2-1.2.7/missing --run tar'
AR='ar'
AS='as'
AUTOCONF='${SHELL} /Users/ede/Documents/workspace/iPhone/MacSleep/libssh2-1.2.7/missing --run autoconf'
AUTOHEADER='${SHELL} /Users/ede/Documents/workspace/iPhone/MacSleep/libssh2-1.2.7/missing --run autoheader'
AUTOMAKE='${SHELL} /Users/ede/Documents/workspace/iPhone/MacSleep/libssh2-1.2.7/missing --run automake-1.9'
AWK='gawk'
CC='gcc'
CCDEPMODE='depmode=gcc3'
CFLAGS=' -DLIBSSH2_DARWIN'
CPP='gcc -E'
CPPFLAGS=''
CYGPATH_W='echo'
DEFS='-DHAVE_CONFIG_H'
DEPDIR='.deps'
DLLTOOL='dlltool'
DSYMUTIL='dsymutil'
DUMPBIN=''
ECHO_C='\c'
ECHO_N=''
ECHO_T=''
EGREP='/usr/bin/grep -E'
EXEEXT=''
FGREP='/usr/bin/grep -F'
GREP='/usr/bin/grep'
HAVE_LIBGCRYPT=''
HAVE_LIBSSL='yes'
HAVE_LIBZ='yes'
INSTALL_DATA='${INSTALL} -m 644'
INSTALL_PROGRAM='${INSTALL}'
INSTALL_SCRIPT='${INSTALL}'
INSTALL_STRIP_PROGRAM='${SHELL} $(install_sh) -c -s'
LD='/usr/libexec/gcc/i686-apple-darwin10/4.2.1/ld'
LDFLAGS=''
LIBGCRYPT=''
LIBGCRYPT_FALSE=''
LIBGCRYPT_PREFIX=''
LIBGCRYPT_TRUE='#'
LIBOBJS=''
LIBS=''
LIBSSL='-lssl -lcrypto'
LIBSSL_PREFIX=''
LIBTOOL='$(SHELL) $(top_builddir)/libtool'
LIBZ='-lz'
LIBZ_PREFIX=''
LIPO='lipo'
LN_S='ln -s'
LTLIBGCRYPT=''
LTLIBOBJS=''
LTLIBSSL='-lssl -lcrypto'
LTLIBZ='-lz'
MAINT='#'
MAINTAINER_MODE_FALSE=''
MAINTAINER_MODE_TRUE='#'
MAKEINFO='${SHELL} /Users/ede/Documents/workspace/iPhone/MacSleep/libssh2-1.2.7/missing --run makeinfo'
NM='/usr/bin/nm'
NMEDIT='nmedit'
OBJDUMP='objdump'
OBJEXT='o'
OTOOL64=':'
OTOOL='otool'
PACKAGE='libssh2'
PACKAGE_BUGREPORT='libssh2-devel@cool.haxx.se'
PACKAGE_NAME='libssh2'
PACKAGE_STRING='libssh2 -'
PACKAGE_TARNAME='libssh2'
PACKAGE_URL=''
PACKAGE_VERSION='-'
PATH_SEPARATOR=':'
RANLIB='ranlib'
SED='/usr/bin/sed'
SET_MAKE=''
SHELL='/bin/sh'
SSHD='/usr/sbin/sshd'
SSHD_FALSE='#'
SSHD_TRUE=''
STRIP='strip'
VERSION='1.2.7'
ac_ct_CC='gcc'
ac_ct_DUMPBIN=''
am__fastdepCC_FALSE='#'
am__fastdepCC_TRUE=''
am__include='include'
am__leading_dot='.'
am__quote=''
am__tar='${AMTAR} chof - "$$tardir"'
am__untar='${AMTAR} xf -'
bindir='${exec_prefix}/bin'
build='i386-apple-darwin10.5.0'
build_alias=''
build_cpu='i386'
build_os='darwin10.5.0'
build_vendor='apple'
datadir='${datarootdir}'
datarootdir='${prefix}/share'
docdir='${datarootdir}/doc/${PACKAGE_TARNAME}'
dvidir='${docdir}'
exec_prefix='${prefix}'
host='i386-apple-darwin10.5.0'
host_alias=''
host_cpu='i386'
host_os='darwin10.5.0'
host_vendor='apple'
htmldir='${docdir}'
includedir='${prefix}/include'
infodir='${datarootdir}/info'
install_sh='/Users/ede/Documents/workspace/iPhone/MacSleep/libssh2-1.2.7/install-sh'
libdir='${exec_prefix}/lib'
libexecdir='${exec_prefix}/libexec'
localedir='${datarootdir}/locale'
localstatedir='${prefix}/var'
lt_ECHO='/bin/echo'
mandir='${datarootdir}/man'
mkdir_p='$(install_sh) -d'
oldincludedir='/usr/include'
pdfdir='${docdir}'
prefix='/usr/local'
program_transform_name='s,x,x,'
psdir='${docdir}'
sbindir='${exec_prefix}/sbin'
sharedstatedir='${prefix}/com'
sysconfdir='${prefix}/etc'
target_alias=''

## ----------- ##
## confdefs.h. ##
## ----------- ##

/* confdefs.h */
#define PACKAGE_NAME "libssh2"
#define PACKAGE_TARNAME "libssh2"
#define PACKAGE_VERSION "-"
#define PACKAGE_STRING "libssh2 -"
#define PACKAGE_BUGREPORT "libssh2-devel@cool.haxx.se"
#define PACKAGE_URL ""
#define PACKAGE "libssh2"
#define VERSION "1.2.7"
#define STDC_HEADERS 1
#define HAVE_SYS_TYPES_H 1
#define HAVE_SYS_STAT_H 1
#define HAVE_STDLIB_H 1
#define HAVE_STRING_H 1
#define HAVE_MEMORY_H 1
#define HAVE_STRINGS_H 1
#define HAVE_INTTYPES_H 1
#define HAVE_STDINT_H 1
#define HAVE_UNISTD_H 1
#define HAVE_LONGLONG 1
#define HAVE_DLFCN_H 1
#define LT_OBJDIR ".libs/"
#define HAVE_LIBSSL 1
#define HAVE_LIBZ 1
#define LIBSSH2_HAVE_ZLIB 1
#define LIBSSH2_DH_GEX_NEW 1
#define HAVE_ERRNO_H 1
#define HAVE_FCNTL_H 1
#define HAVE_STDIO_H 1
#define HAVE_STDLIB_H 1
#define HAVE_UNISTD_H 1
#define HAVE_SYS_UIO_H 1
#define HAVE_SYS_SELECT_H 1
#define HAVE_SYS_SOCKET_H 1
#define HAVE_SYS_IOCTL_H 1
#define HAVE_SYS_TIME_H 1
#define HAVE_ARPA_INET_H 1
#define HAVE_NETINET_IN_H 1
#define HAVE_SYS_UN_H 1
#define HAVE_GETTIMEOFDAY 1
#define HAVE_SELECT 1
#define HAVE_STRTOLL 1
#define HAVE_ALLOCA_H 1
#define HAVE_ALLOCA 1
#define HAVE_O_NONBLOCK 1

configure: exit 0
